#
# There is insufficient memory for the Java Runtime Environment to continue.
# Native memory allocation (malloc) failed to allocate 1155056 bytes. Error detail: Chunk::new
# Possible reasons:
#   The system is out of physical RAM or swap space
#   This process is running with CompressedOops enabled, and the Java Heap may be blocking the growth of the native heap
# Possible solutions:
#   Reduce memory load on the system
#   Increase physical memory or swap space
#   Check if swap backing store is full
#   Decrease Java heap size (-Xmx/-Xms)
#   Decrease number of Java threads
#   Decrease Java thread stack sizes (-Xss)
#   Set larger code cache with -XX:ReservedCodeCacheSize=
#   JVM is running with Unscaled Compressed Oops mode in which the Java heap is
#     placed in the first 4GB address space. The Java Heap base address is the
#     maximum limit for the native heap growth. Please use -XX:HeapBaseMinAddress
#     to set the Java Heap base and to place the Java Heap above 4GB virtual address.
# This output file may be truncated or incomplete.
#
#  Out of Memory Error (arena.cpp:191), pid=15004, tid=17820
#
# JRE version: OpenJDK Runtime Environment Microsoft-13877129 (17.0.19+10) (build 17.0.19+10-LTS)
# Java VM: OpenJDK 64-Bit Server VM Microsoft-13877129 (17.0.19+10-LTS, mixed mode, sharing, tiered, compressed oops, compressed class ptrs, g1 gc, windows-amd64)
# No core dump will be written. Minidumps are not enabled by default on client versions of Windows
#

---------------  S U M M A R Y ------------

Command Line: org.jetbrains.kotlin.cli.jvm.K2JVMCompiler @C:\Users\prade\OneDrive\Desktop\code\reactpractice\WORK\node_modules\react-native-screens\android\build\20260519_14611475118731123780.compiler.options

Host: AMD Ryzen 7 5700U with Radeon Graphics         , 16 cores, 7G,  Windows 11 , 64 bit Build 26100 (10.0.26100.8328)
Time: Tue May 19 18:54:55 2026 India Standard Time elapsed time: 12.654911 seconds (0d 0h 0m 12s)

---------------  T H R E A D  ---------------

Current thread (0x0000029ca8cd36f0):  JavaThread "C2 CompilerThread0" daemon [_thread_in_native, id=17820, stack(0x000000f8adb00000,0x000000f8adc00000)]


Current CompileTask:
C2:12654 1210       4       org.jetbrains.kotlin.cli.jvm.compiler.jarfs.FastJarHandler::createFile (81 bytes)

Stack: [0x000000f8adb00000,0x000000f8adc00000]
Native frames: (J=compiled Java code, j=interpreted, Vv=VM code, C=native code)
V  [jvm.dll+0x68cc89]  (no source info available)
V  [jvm.dll+0x845d89]  (no source info available)
V  [jvm.dll+0x847af8]  (no source info available)
V  [jvm.dll+0x848183]  (no source info available)
V  [jvm.dll+0x24d0bf]  (no source info available)
V  [jvm.dll+0xaed56]  (no source info available)
V  [jvm.dll+0xaf3fc]  (no source info available)
V  [jvm.dll+0x37186f]  (no source info available)
V  [jvm.dll+0x1c09c9]  (no source info available)
V  [jvm.dll+0x21e120]  (no source info available)
V  [jvm.dll+0x21d412]  (no source info available)
V  [jvm.dll+0x1a8db6]  (no source info available)
V  [jvm.dll+0x22dc6b]  (no source info available)
V  [jvm.dll+0x22bdf6]  (no source info available)
V  [jvm.dll+0x7fbecb]  (no source info available)
V  [jvm.dll+0x7f62cc]  (no source info available)
V  [jvm.dll+0x68e227]  (no source info available)
C  [ucrtbase.dll+0x37b0]  (no source info available)
C  [KERNEL32.DLL+0x2e957]  (no source info available)
C  [ntdll.dll+0x427c]  (no source info available)


---------------  P R O C E S S  ---------------

Threads class SMR info:
_java_thread_list=0x0000029cef58f5e0, length=13, elements={
0x0000029c8ad5c750, 0x0000029ca8cb6c10, 0x0000029ca8cb74e0, 0x0000029ca8ccf070,
0x0000029ca8cd1950, 0x0000029ca8cd2220, 0x0000029ca8cd2af0, 0x0000029ca8cd36f0,
0x0000029ca8ce4010, 0x0000029ca8cf1e40, 0x0000029ca98ddba0, 0x0000029ca98e9d30,
0x0000029cef12a120
}

Java Threads: ( => current thread )
  0x0000029c8ad5c750 JavaThread "main" [_thread_in_Java, id=21364, stack(0x000000f8ace00000,0x000000f8acf00000)]
  0x0000029ca8cb6c10 JavaThread "Reference Handler" daemon [_thread_blocked, id=13148, stack(0x000000f8ad500000,0x000000f8ad600000)]
  0x0000029ca8cb74e0 JavaThread "Finalizer" daemon [_thread_blocked, id=13796, stack(0x000000f8ad600000,0x000000f8ad700000)]
  0x0000029ca8ccf070 JavaThread "Signal Dispatcher" daemon [_thread_blocked, id=10500, stack(0x000000f8ad700000,0x000000f8ad800000)]
  0x0000029ca8cd1950 JavaThread "Attach Listener" daemon [_thread_blocked, id=25284, stack(0x000000f8ad800000,0x000000f8ad900000)]
  0x0000029ca8cd2220 JavaThread "Service Thread" daemon [_thread_blocked, id=24948, stack(0x000000f8ad900000,0x000000f8ada00000)]
  0x0000029ca8cd2af0 JavaThread "Monitor Deflation Thread" daemon [_thread_blocked, id=20660, stack(0x000000f8ada00000,0x000000f8adb00000)]
=>0x0000029ca8cd36f0 JavaThread "C2 CompilerThread0" daemon [_thread_in_native, id=17820, stack(0x000000f8adb00000,0x000000f8adc00000)]
  0x0000029ca8ce4010 JavaThread "C1 CompilerThread0" daemon [_thread_blocked, id=22036, stack(0x000000f8adc00000,0x000000f8add00000)]
  0x0000029ca8cf1e40 JavaThread "Sweeper thread" daemon [_thread_blocked, id=21696, stack(0x000000f8add00000,0x000000f8ade00000)]
  0x0000029ca98ddba0 JavaThread "Notification Thread" daemon [_thread_blocked, id=17176, stack(0x000000f8ae000000,0x000000f8ae100000)]
  0x0000029ca98e9d30 JavaThread "Common-Cleaner" daemon [_thread_blocked, id=6640, stack(0x000000f8ae200000,0x000000f8ae300000)]
  0x0000029cef12a120 JavaThread "C2 CompilerThread1" daemon [_thread_blocked, id=25260, stack(0x000000f8ae900000,0x000000f8aea00000)]

Other Threads:
  0x0000029ca8cb2480 VMThread "VM Thread" [stack: 0x000000f8ad400000,0x000000f8ad500000] [id=25268]
  0x0000029ca98e0090 WatcherThread [stack: 0x000000f8ae100000,0x000000f8ae200000] [id=18096]
  0x0000029c8adb8170 GCTaskThread "GC Thread#0" [stack: 0x000000f8acf00000,0x000000f8ad000000] [id=12616]
  0x0000029ca9b40e90 GCTaskThread "GC Thread#1" [stack: 0x000000f8ae400000,0x000000f8ae500000] [id=23280]
  0x0000029ca9b42240 GCTaskThread "GC Thread#2" [stack: 0x000000f8ae500000,0x000000f8ae600000] [id=10932]
  0x0000029ca9b41700 GCTaskThread "GC Thread#3" [stack: 0x000000f8ae600000,0x000000f8ae700000] [id=22068]
  0x0000029ca9b42510 GCTaskThread "GC Thread#4" [stack: 0x000000f8ae700000,0x000000f8ae800000] [id=11928]
  0x0000029ca9b427e0 GCTaskThread "GC Thread#5" [stack: 0x000000f8ae800000,0x000000f8ae900000] [id=9468]
  0x0000029ca9b41160 GCTaskThread "GC Thread#6" [stack: 0x000000f8aea00000,0x000000f8aeb00000] [id=13920]
  0x0000029cef73c410 GCTaskThread "GC Thread#7" [stack: 0x000000f8aeb00000,0x000000f8aec00000] [id=16268]
  0x0000029cef73ad90 GCTaskThread "GC Thread#8" [stack: 0x000000f8aec00000,0x000000f8aed00000] [id=21860]
  0x0000029c8adc7c50 ConcurrentGCThread "G1 Main Marker" [stack: 0x000000f8ad000000,0x000000f8ad100000] [id=6068]
  0x0000029c8adc9240 ConcurrentGCThread "G1 Conc#0" [stack: 0x000000f8ad100000,0x000000f8ad200000] [id=20212]
  0x0000029ca8b6df80 ConcurrentGCThread "G1 Refine#0" [stack: 0x000000f8ad200000,0x000000f8ad300000] [id=16636]
  0x0000029ca8b6e7d0 ConcurrentGCThread "G1 Service" [stack: 0x000000f8ad300000,0x000000f8ad400000] [id=22564]

Threads with active compile tasks:
C2 CompilerThread0  13761 1210       4       org.jetbrains.kotlin.cli.jvm.compiler.jarfs.FastJarHandler::createFile (81 bytes)

VM state: not at safepoint (normal execution)

VM Mutex/Monitor currently owned by a thread: None

Heap address: 0x0000000089c00000, size: 1892 MB, Compressed Oops mode: 32-bit

CDS archive(s) mapped at: [0x0000029caa000000-0x0000029caabb0000-0x0000029caabb0000), size 12255232, SharedBaseAddress: 0x0000029caa000000, ArchiveRelocationMode: 1.
Compressed class space mapped at: 0x0000029cab000000-0x0000029ceb000000, reserved size: 1073741824
Narrow klass base: 0x0000029caa000000, Narrow klass shift: 0, Narrow klass range: 0x100000000

GC Precious Log:
 CPUs: 16 total, 16 available
 Memory: 7563M
 Large Page Support: Disabled
 NUMA Support: Disabled
 Compressed Oops: Enabled (32-bit)
 Heap Region Size: 1M
 Heap Min Capacity: 8M
 Heap Initial Capacity: 120M
 Heap Max Capacity: 1892M
 Pre-touch: Disabled
 Parallel Workers: 13
 Concurrent Workers: 3
 Concurrent Refinement Workers: 13
 Periodic GC: Disabled

Heap:
 garbage-first heap   total 122880K, used 15592K [0x0000000089c00000, 0x0000000100000000)
  region size 1024K, 11 young (11264K), 5 survivors (5120K)
 Metaspace       used 13787K, committed 14016K, reserved 1114112K
  class space    used 1479K, committed 1600K, reserved 1048576K

Heap Regions: E=young(eden), S=young(survivor), O=old, HS=humongous(starts), HC=humongous(continues), CS=collection set, F=free, OA=open archive, CA=closed archive, TAMS=top-at-mark-start (previous, next)
|   0|0x0000000089c00000, 0x0000000089d00000, 0x0000000089d00000|100%|HS|  |TAMS 0x0000000089c00000, 0x0000000089c00000| Complete 
|   1|0x0000000089d00000, 0x0000000089e00000, 0x0000000089e00000|100%|HC|  |TAMS 0x0000000089d00000, 0x0000000089d00000| Complete 
|   2|0x0000000089e00000, 0x0000000089f00000, 0x0000000089f00000|100%|HC|  |TAMS 0x0000000089e00000, 0x0000000089e00000| Complete 
|   3|0x0000000089f00000, 0x000000008a000000, 0x000000008a000000|100%| O|  |TAMS 0x0000000089f00000, 0x0000000089f00000| Untracked 
|   4|0x000000008a000000, 0x000000008a100000, 0x000000008a100000|100%| O|  |TAMS 0x000000008a000000, 0x000000008a000000| Untracked 
|   5|0x000000008a100000, 0x000000008a1cfe00, 0x000000008a200000| 81%| O|  |TAMS 0x000000008a100000, 0x000000008a100000| Untracked 
|   6|0x000000008a200000, 0x000000008a200000, 0x000000008a300000|  0%| F|  |TAMS 0x000000008a200000, 0x000000008a200000| Untracked 
|   7|0x000000008a300000, 0x000000008a300000, 0x000000008a400000|  0%| F|  |TAMS 0x000000008a300000, 0x000000008a300000| Untracked 
|   8|0x000000008a400000, 0x000000008a400000, 0x000000008a500000|  0%| F|  |TAMS 0x000000008a400000, 0x000000008a400000| Untracked 
|   9|0x000000008a500000, 0x000000008a500000, 0x000000008a600000|  0%| F|  |TAMS 0x000000008a500000, 0x000000008a500000| Untracked 
|  10|0x000000008a600000, 0x000000008a600000, 0x000000008a700000|  0%| F|  |TAMS 0x000000008a600000, 0x000000008a600000| Untracked 
|  11|0x000000008a700000, 0x000000008a700000, 0x000000008a800000|  0%| F|  |TAMS 0x000000008a700000, 0x000000008a700000| Untracked 
|  12|0x000000008a800000, 0x000000008a800000, 0x000000008a900000|  0%| F|  |TAMS 0x000000008a800000, 0x000000008a800000| Untracked 
|  13|0x000000008a900000, 0x000000008a900000, 0x000000008aa00000|  0%| F|  |TAMS 0x000000008a900000, 0x000000008a900000| Untracked 
|  14|0x000000008aa00000, 0x000000008aa00000, 0x000000008ab00000|  0%| F|  |TAMS 0x000000008aa00000, 0x000000008aa00000| Untracked 
|  15|0x000000008ab00000, 0x000000008ab00000, 0x000000008ac00000|  0%| F|  |TAMS 0x000000008ab00000, 0x000000008ab00000| Untracked 
|  16|0x000000008ac00000, 0x000000008ac00000, 0x000000008ad00000|  0%| F|  |TAMS 0x000000008ac00000, 0x000000008ac00000| Untracked 
|  17|0x000000008ad00000, 0x000000008ad00000, 0x000000008ae00000|  0%| F|  |TAMS 0x000000008ad00000, 0x000000008ad00000| Untracked 
|  18|0x000000008ae00000, 0x000000008ae00000, 0x000000008af00000|  0%| F|  |TAMS 0x000000008ae00000, 0x000000008ae00000| Untracked 
|  19|0x000000008af00000, 0x000000008af00000, 0x000000008b000000|  0%| F|  |TAMS 0x000000008af00000, 0x000000008af00000| Untracked 
|  20|0x000000008b000000, 0x000000008b000000, 0x000000008b100000|  0%| F|  |TAMS 0x000000008b000000, 0x000000008b000000| Untracked 
|  21|0x000000008b100000, 0x000000008b100000, 0x000000008b200000|  0%| F|  |TAMS 0x000000008b100000, 0x000000008b100000| Untracked 
|  22|0x000000008b200000, 0x000000008b200000, 0x000000008b300000|  0%| F|  |TAMS 0x000000008b200000, 0x000000008b200000| Untracked 
|  23|0x000000008b300000, 0x000000008b300000, 0x000000008b400000|  0%| F|  |TAMS 0x000000008b300000, 0x000000008b300000| Untracked 
|  24|0x000000008b400000, 0x000000008b400000, 0x000000008b500000|  0%| F|  |TAMS 0x000000008b400000, 0x000000008b400000| Untracked 
|  25|0x000000008b500000, 0x000000008b500000, 0x000000008b600000|  0%| F|  |TAMS 0x000000008b500000, 0x000000008b500000| Untracked 
|  26|0x000000008b600000, 0x000000008b600000, 0x000000008b700000|  0%| F|  |TAMS 0x000000008b600000, 0x000000008b600000| Untracked 
|  27|0x000000008b700000, 0x000000008b700000, 0x000000008b800000|  0%| F|  |TAMS 0x000000008b700000, 0x000000008b700000| Untracked 
|  28|0x000000008b800000, 0x000000008b800000, 0x000000008b900000|  0%| F|  |TAMS 0x000000008b800000, 0x000000008b800000| Untracked 
|  29|0x000000008b900000, 0x000000008b900000, 0x000000008ba00000|  0%| F|  |TAMS 0x000000008b900000, 0x000000008b900000| Untracked 
|  30|0x000000008ba00000, 0x000000008ba00000, 0x000000008bb00000|  0%| F|  |TAMS 0x000000008ba00000, 0x000000008ba00000| Untracked 
|  31|0x000000008bb00000, 0x000000008bb00000, 0x000000008bc00000|  0%| F|  |TAMS 0x000000008bb00000, 0x000000008bb00000| Untracked 
|  32|0x000000008bc00000, 0x000000008bc00000, 0x000000008bd00000|  0%| F|  |TAMS 0x000000008bc00000, 0x000000008bc00000| Untracked 
|  33|0x000000008bd00000, 0x000000008bd00000, 0x000000008be00000|  0%| F|  |TAMS 0x000000008bd00000, 0x000000008bd00000| Untracked 
|  34|0x000000008be00000, 0x000000008be00000, 0x000000008bf00000|  0%| F|  |TAMS 0x000000008be00000, 0x000000008be00000| Untracked 
|  35|0x000000008bf00000, 0x000000008bf00000, 0x000000008c000000|  0%| F|  |TAMS 0x000000008bf00000, 0x000000008bf00000| Untracked 
|  36|0x000000008c000000, 0x000000008c000000, 0x000000008c100000|  0%| F|  |TAMS 0x000000008c000000, 0x000000008c000000| Untracked 
|  37|0x000000008c100000, 0x000000008c100000, 0x000000008c200000|  0%| F|  |TAMS 0x000000008c100000, 0x000000008c100000| Untracked 
|  38|0x000000008c200000, 0x000000008c200000, 0x000000008c300000|  0%| F|  |TAMS 0x000000008c200000, 0x000000008c200000| Untracked 
|  39|0x000000008c300000, 0x000000008c300000, 0x000000008c400000|  0%| F|  |TAMS 0x000000008c300000, 0x000000008c300000| Untracked 
|  40|0x000000008c400000, 0x000000008c400000, 0x000000008c500000|  0%| F|  |TAMS 0x000000008c400000, 0x000000008c400000| Untracked 
|  41|0x000000008c500000, 0x000000008c500000, 0x000000008c600000|  0%| F|  |TAMS 0x000000008c500000, 0x000000008c500000| Untracked 
|  42|0x000000008c600000, 0x000000008c600000, 0x000000008c700000|  0%| F|  |TAMS 0x000000008c600000, 0x000000008c600000| Untracked 
|  43|0x000000008c700000, 0x000000008c700000, 0x000000008c800000|  0%| F|  |TAMS 0x000000008c700000, 0x000000008c700000| Untracked 
|  44|0x000000008c800000, 0x000000008c800000, 0x000000008c900000|  0%| F|  |TAMS 0x000000008c800000, 0x000000008c800000| Untracked 
|  45|0x000000008c900000, 0x000000008c900000, 0x000000008ca00000|  0%| F|  |TAMS 0x000000008c900000, 0x000000008c900000| Untracked 
|  46|0x000000008ca00000, 0x000000008ca00000, 0x000000008cb00000|  0%| F|  |TAMS 0x000000008ca00000, 0x000000008ca00000| Untracked 
|  47|0x000000008cb00000, 0x000000008cb00000, 0x000000008cc00000|  0%| F|  |TAMS 0x000000008cb00000, 0x000000008cb00000| Untracked 
|  48|0x000000008cc00000, 0x000000008cc00000, 0x000000008cd00000|  0%| F|  |TAMS 0x000000008cc00000, 0x000000008cc00000| Untracked 
|  49|0x000000008cd00000, 0x000000008cd00000, 0x000000008ce00000|  0%| F|  |TAMS 0x000000008cd00000, 0x000000008cd00000| Untracked 
|  50|0x000000008ce00000, 0x000000008ce00000, 0x000000008cf00000|  0%| F|  |TAMS 0x000000008ce00000, 0x000000008ce00000| Untracked 
|  51|0x000000008cf00000, 0x000000008cf00000, 0x000000008d000000|  0%| F|  |TAMS 0x000000008cf00000, 0x000000008cf00000| Untracked 
|  52|0x000000008d000000, 0x000000008d000000, 0x000000008d100000|  0%| F|  |TAMS 0x000000008d000000, 0x000000008d000000| Untracked 
|  53|0x000000008d100000, 0x000000008d100000, 0x000000008d200000|  0%| F|  |TAMS 0x000000008d100000, 0x000000008d100000| Untracked 
|  54|0x000000008d200000, 0x000000008d200000, 0x000000008d300000|  0%| F|  |TAMS 0x000000008d200000, 0x000000008d200000| Untracked 
|  55|0x000000008d300000, 0x000000008d300000, 0x000000008d400000|  0%| F|  |TAMS 0x000000008d300000, 0x000000008d300000| Untracked 
|  56|0x000000008d400000, 0x000000008d400000, 0x000000008d500000|  0%| F|  |TAMS 0x000000008d400000, 0x000000008d400000| Untracked 
|  57|0x000000008d500000, 0x000000008d500000, 0x000000008d600000|  0%| F|  |TAMS 0x000000008d500000, 0x000000008d500000| Untracked 
|  58|0x000000008d600000, 0x000000008d600000, 0x000000008d700000|  0%| F|  |TAMS 0x000000008d600000, 0x000000008d600000| Untracked 
|  59|0x000000008d700000, 0x000000008d700000, 0x000000008d800000|  0%| F|  |TAMS 0x000000008d700000, 0x000000008d700000| Untracked 
|  60|0x000000008d800000, 0x000000008d800000, 0x000000008d900000|  0%| F|  |TAMS 0x000000008d800000, 0x000000008d800000| Untracked 
|  61|0x000000008d900000, 0x000000008d900000, 0x000000008da00000|  0%| F|  |TAMS 0x000000008d900000, 0x000000008d900000| Untracked 
|  62|0x000000008da00000, 0x000000008da00000, 0x000000008db00000|  0%| F|  |TAMS 0x000000008da00000, 0x000000008da00000| Untracked 
|  63|0x000000008db00000, 0x000000008db00000, 0x000000008dc00000|  0%| F|  |TAMS 0x000000008db00000, 0x000000008db00000| Untracked 
|  64|0x000000008dc00000, 0x000000008dc00000, 0x000000008dd00000|  0%| F|  |TAMS 0x000000008dc00000, 0x000000008dc00000| Untracked 
|  65|0x000000008dd00000, 0x000000008dd00000, 0x000000008de00000|  0%| F|  |TAMS 0x000000008dd00000, 0x000000008dd00000| Untracked 
|  66|0x000000008de00000, 0x000000008de00000, 0x000000008df00000|  0%| F|  |TAMS 0x000000008de00000, 0x000000008de00000| Untracked 
|  67|0x000000008df00000, 0x000000008df00000, 0x000000008e000000|  0%| F|  |TAMS 0x000000008df00000, 0x000000008df00000| Untracked 
|  68|0x000000008e000000, 0x000000008e000000, 0x000000008e100000|  0%| F|  |TAMS 0x000000008e000000, 0x000000008e000000| Untracked 
|  69|0x000000008e100000, 0x000000008e100000, 0x000000008e200000|  0%| F|  |TAMS 0x000000008e100000, 0x000000008e100000| Untracked 
|  70|0x000000008e200000, 0x000000008e200000, 0x000000008e300000|  0%| F|  |TAMS 0x000000008e200000, 0x000000008e200000| Untracked 
|  71|0x000000008e300000, 0x000000008e300000, 0x000000008e400000|  0%| F|  |TAMS 0x000000008e300000, 0x000000008e300000| Untracked 
|  72|0x000000008e400000, 0x000000008e400000, 0x000000008e500000|  0%| F|  |TAMS 0x000000008e400000, 0x000000008e400000| Untracked 
|  73|0x000000008e500000, 0x000000008e500000, 0x000000008e600000|  0%| F|  |TAMS 0x000000008e500000, 0x000000008e500000| Untracked 
|  74|0x000000008e600000, 0x000000008e600000, 0x000000008e700000|  0%| F|  |TAMS 0x000000008e600000, 0x000000008e600000| Untracked 
|  75|0x000000008e700000, 0x000000008e700000, 0x000000008e800000|  0%| F|  |TAMS 0x000000008e700000, 0x000000008e700000| Untracked 
|  76|0x000000008e800000, 0x000000008e800000, 0x000000008e900000|  0%| F|  |TAMS 0x000000008e800000, 0x000000008e800000| Untracked 
|  77|0x000000008e900000, 0x000000008e900000, 0x000000008ea00000|  0%| F|  |TAMS 0x000000008e900000, 0x000000008e900000| Untracked 
|  78|0x000000008ea00000, 0x000000008ea00000, 0x000000008eb00000|  0%| F|  |TAMS 0x000000008ea00000, 0x000000008ea00000| Untracked 
|  79|0x000000008eb00000, 0x000000008eb00000, 0x000000008ec00000|  0%| F|  |TAMS 0x000000008eb00000, 0x000000008eb00000| Untracked 
|  80|0x000000008ec00000, 0x000000008ec00000, 0x000000008ed00000|  0%| F|  |TAMS 0x000000008ec00000, 0x000000008ec00000| Untracked 
|  81|0x000000008ed00000, 0x000000008ed00000, 0x000000008ee00000|  0%| F|  |TAMS 0x000000008ed00000, 0x000000008ed00000| Untracked 
|  82|0x000000008ee00000, 0x000000008ee6a2e0, 0x000000008ef00000| 41%| S|CS|TAMS 0x000000008ee00000, 0x000000008ee00000| Complete 
|  83|0x000000008ef00000, 0x000000008f000000, 0x000000008f000000|100%| S|CS|TAMS 0x000000008ef00000, 0x000000008ef00000| Complete 
|  84|0x000000008f000000, 0x000000008f100000, 0x000000008f100000|100%| S|CS|TAMS 0x000000008f000000, 0x000000008f000000| Complete 
|  85|0x000000008f100000, 0x000000008f200000, 0x000000008f200000|100%| S|CS|TAMS 0x000000008f100000, 0x000000008f100000| Complete 
|  86|0x000000008f200000, 0x000000008f300000, 0x000000008f300000|100%| S|CS|TAMS 0x000000008f200000, 0x000000008f200000| Complete 
|  87|0x000000008f300000, 0x000000008f300000, 0x000000008f400000|  0%| F|  |TAMS 0x000000008f300000, 0x000000008f300000| Untracked 
|  88|0x000000008f400000, 0x000000008f400000, 0x000000008f500000|  0%| F|  |TAMS 0x000000008f400000, 0x000000008f400000| Untracked 
|  89|0x000000008f500000, 0x000000008f500000, 0x000000008f600000|  0%| F|  |TAMS 0x000000008f500000, 0x000000008f500000| Untracked 
|  90|0x000000008f600000, 0x000000008f600000, 0x000000008f700000|  0%| F|  |TAMS 0x000000008f600000, 0x000000008f600000| Untracked 
|  91|0x000000008f700000, 0x000000008f700000, 0x000000008f800000|  0%| F|  |TAMS 0x000000008f700000, 0x000000008f700000| Untracked 
|  92|0x000000008f800000, 0x000000008f800000, 0x000000008f900000|  0%| F|  |TAMS 0x000000008f800000, 0x000000008f800000| Untracked 
|  93|0x000000008f900000, 0x000000008f900000, 0x000000008fa00000|  0%| F|  |TAMS 0x000000008f900000, 0x000000008f900000| Untracked 
|  94|0x000000008fa00000, 0x000000008fa00000, 0x000000008fb00000|  0%| F|  |TAMS 0x000000008fa00000, 0x000000008fa00000| Untracked 
|  95|0x000000008fb00000, 0x000000008fb00000, 0x000000008fc00000|  0%| F|  |TAMS 0x000000008fb00000, 0x000000008fb00000| Untracked 
|  96|0x000000008fc00000, 0x000000008fc00000, 0x000000008fd00000|  0%| F|  |TAMS 0x000000008fc00000, 0x000000008fc00000| Untracked 
|  97|0x000000008fd00000, 0x000000008fd00000, 0x000000008fe00000|  0%| F|  |TAMS 0x000000008fd00000, 0x000000008fd00000| Untracked 
|  98|0x000000008fe00000, 0x000000008fe00000, 0x000000008ff00000|  0%| F|  |TAMS 0x000000008fe00000, 0x000000008fe00000| Untracked 
|  99|0x000000008ff00000, 0x000000008ff00000, 0x0000000090000000|  0%| F|  |TAMS 0x000000008ff00000, 0x000000008ff00000| Untracked 
| 100|0x0000000090000000, 0x0000000090000000, 0x0000000090100000|  0%| F|  |TAMS 0x0000000090000000, 0x0000000090000000| Untracked 
| 101|0x0000000090100000, 0x0000000090100000, 0x0000000090200000|  0%| F|  |TAMS 0x0000000090100000, 0x0000000090100000| Untracked 
| 102|0x0000000090200000, 0x0000000090200000, 0x0000000090300000|  0%| F|  |TAMS 0x0000000090200000, 0x0000000090200000| Untracked 
| 103|0x0000000090300000, 0x0000000090300000, 0x0000000090400000|  0%| F|  |TAMS 0x0000000090300000, 0x0000000090300000| Untracked 
| 104|0x0000000090400000, 0x0000000090400000, 0x0000000090500000|  0%| F|  |TAMS 0x0000000090400000, 0x0000000090400000| Untracked 
| 105|0x0000000090500000, 0x0000000090500000, 0x0000000090600000|  0%| F|  |TAMS 0x0000000090500000, 0x0000000090500000| Untracked 
| 106|0x0000000090600000, 0x0000000090600000, 0x0000000090700000|  0%| F|  |TAMS 0x0000000090600000, 0x0000000090600000| Untracked 
| 107|0x0000000090700000, 0x0000000090700000, 0x0000000090800000|  0%| F|  |TAMS 0x0000000090700000, 0x0000000090700000| Untracked 
| 108|0x0000000090800000, 0x0000000090800000, 0x0000000090900000|  0%| F|  |TAMS 0x0000000090800000, 0x0000000090800000| Untracked 
| 109|0x0000000090900000, 0x0000000090900000, 0x0000000090a00000|  0%| F|  |TAMS 0x0000000090900000, 0x0000000090900000| Untracked 
| 110|0x0000000090a00000, 0x0000000090a00000, 0x0000000090b00000|  0%| F|  |TAMS 0x0000000090a00000, 0x0000000090a00000| Untracked 
| 111|0x0000000090b00000, 0x0000000090b00000, 0x0000000090c00000|  0%| F|  |TAMS 0x0000000090b00000, 0x0000000090b00000| Untracked 
| 112|0x0000000090c00000, 0x0000000090c00000, 0x0000000090d00000|  0%| F|  |TAMS 0x0000000090c00000, 0x0000000090c00000| Untracked 
| 113|0x0000000090d00000, 0x0000000090d00000, 0x0000000090e00000|  0%| F|  |TAMS 0x0000000090d00000, 0x0000000090d00000| Untracked 
| 114|0x0000000090e00000, 0x0000000090e80000, 0x0000000090f00000| 50%| E|  |TAMS 0x0000000090e00000, 0x0000000090e00000| Complete 
| 115|0x0000000090f00000, 0x0000000091000000, 0x0000000091000000|100%| E|CS|TAMS 0x0000000090f00000, 0x0000000090f00000| Complete 
| 116|0x0000000091000000, 0x0000000091100000, 0x0000000091100000|100%| E|CS|TAMS 0x0000000091000000, 0x0000000091000000| Complete 
| 117|0x0000000091100000, 0x0000000091200000, 0x0000000091200000|100%| E|CS|TAMS 0x0000000091100000, 0x0000000091100000| Complete 
| 118|0x0000000091200000, 0x0000000091300000, 0x0000000091300000|100%| E|CS|TAMS 0x0000000091200000, 0x0000000091200000| Complete 
| 119|0x0000000091300000, 0x0000000091400000, 0x0000000091400000|100%| E|CS|TAMS 0x0000000091300000, 0x0000000091300000| Complete 

Card table byte_map: [0x0000029ca2530000,0x0000029ca28f0000] _byte_map_base: 0x0000029ca20e2000

Marking Bits (Prev, Next): (CMBitMap*) 0x0000029c8adb86a0, (CMBitMap*) 0x0000029c8adb86e0
 Prev Bits: [0x0000029ca2cb0000, 0x0000029ca4a40000)
 Next Bits: [0x0000029ca4a40000, 0x0000029ca67d0000)

Polling page: 0x0000029c88b40000

Metaspace:

Usage:
  Non-class:     12.02 MB used.
      Class:      1.45 MB used.
       Both:     13.46 MB used.

Virtual space:
  Non-class space:       64.00 MB reserved,      12.12 MB ( 19%) committed,  1 nodes.
      Class space:        1.00 GB reserved,       1.56 MB ( <1%) committed,  1 nodes.
             Both:        1.06 GB reserved,      13.69 MB (  1%) committed. 

Chunk freelists:
   Non-Class:  1.70 MB
       Class:  14.42 MB
        Both:  16.11 MB

MaxMetaspaceSize: unlimited
CompressedClassSpaceSize: 1.00 GB
Initial GC threshold: 21.00 MB
Current GC threshold: 21.00 MB
CDS: on
MetaspaceReclaimPolicy: balanced
 - commit_granule_bytes: 65536.
 - commit_granule_words: 8192.
 - virtual_space_node_default_size: 8388608.
 - enlarge_chunks_in_place: 1.
 - new_chunks_are_fully_committed: 0.
 - uncommit_free_chunks: 1.
 - use_allocation_guard: 0.
 - handle_deallocations: 1.


Internal statistics:

num_allocs_failed_limit: 0.
num_arena_births: 142.
num_arena_deaths: 0.
num_vsnodes_births: 2.
num_vsnodes_deaths: 0.
num_space_committed: 219.
num_space_uncommitted: 0.
num_chunks_returned_to_freelist: 0.
num_chunks_taken_from_freelist: 630.
num_chunk_merges: 0.
num_chunk_splits: 466.
num_chunks_enlarged: 396.
num_inconsistent_stats: 0.

CodeHeap 'non-profiled nmethods': size=119168Kb used=515Kb max_used=515Kb free=118652Kb
 bounds [0x0000029c9a490000, 0x0000029c9a700000, 0x0000029ca18f0000]
CodeHeap 'profiled nmethods': size=119104Kb used=2112Kb max_used=2112Kb free=116992Kb
 bounds [0x0000029c928f0000, 0x0000029c92b60000, 0x0000029c99d40000]
CodeHeap 'non-nmethods': size=7488Kb used=1194Kb max_used=2917Kb free=6293Kb
 bounds [0x0000029c99d40000, 0x0000029c9a020000, 0x0000029c9a490000]
 total_blobs=1746 nmethods=1252 adapters=407
 compilation: enabled
              stopped_count=0, restarted_count=0
 full_count=0

Compilation events (20 events):
Event: 11.503 Thread 0x0000029cef12a120 nmethod 1228 0x0000029c9a509810 code [0x0000029c9a5099a0, 0x0000029c9a509ad8]
Event: 11.503 Thread 0x0000029cef12a120 1229       4       org.jetbrains.kotlin.com.intellij.openapi.vfs.VirtualFile::<init> (22 bytes)
Event: 11.505 Thread 0x0000029cef12a120 nmethod 1229 0x0000029c9a509b90 code [0x0000029c9a509d20, 0x0000029c9a509ed8]
Event: 11.505 Thread 0x0000029cef12a120 1226       4       kotlin.jvm.internal.Intrinsics::checkNotNull (8 bytes)
Event: 11.506 Thread 0x0000029cef12a120 nmethod 1226 0x0000029c9a509f90 code [0x0000029c9a50a100, 0x0000029c9a50a178]
Event: 11.506 Thread 0x0000029cef12a120 1225       4       org.jetbrains.kotlin.cli.jvm.compiler.jarfs.LargeDynamicMappedBuffer$Mapping::<init> (21 bytes)
Event: 11.507 Thread 0x0000029cef12a120 nmethod 1225 0x0000029c9a50a290 code [0x0000029c9a50a420, 0x0000029c9a50a578]
Event: 11.507 Thread 0x0000029cef12a120 1148       4       org.jetbrains.kotlin.cli.jvm.compiler.jarfs.ZipEntryDescription::<init> (52 bytes)
Event: 11.510 Thread 0x0000029cef12a120 nmethod 1148 0x0000029c9a50a610 code [0x0000029c9a50a7a0, 0x0000029c9a50aa58]
Event: 11.510 Thread 0x0000029cef12a120 1135       4       jdk.internal.misc.Unsafe::convEndian (16 bytes)
Event: 11.511 Thread 0x0000029cef12a120 nmethod 1135 0x0000029c9a50ab90 code [0x0000029c9a50ad00, 0x0000029c9a50ad78]
Event: 11.519 Thread 0x0000029ca8ce4010 1237       3       java.nio.ByteOrder::nativeOrder (4 bytes)
Event: 11.519 Thread 0x0000029ca8ce4010 nmethod 1237 0x0000029c92aeed90 code [0x0000029c92aeef20, 0x0000029c92aef018]
Event: 11.548 Thread 0x0000029cef12d640 1238       1       java.lang.Long::longValue (5 bytes)
Event: 11.549 Thread 0x0000029cef12d640 nmethod 1238 0x0000029c9a50ae90 code [0x0000029c9a50b020, 0x0000029c9a50b0f8]
Event: 11.568 Thread 0x0000029ca8ce4010 1239       3       org.jetbrains.kotlin.com.intellij.openapi.util.text.StringUtil::equals (7 bytes)
Event: 11.568 Thread 0x0000029cef12a120 1240       4       java.util.ArrayList::clear (43 bytes)
Event: 11.568 Thread 0x0000029ca8ce4010 nmethod 1239 0x0000029c92aef090 code [0x0000029c92aef240, 0x0000029c92aef368]
Event: 11.577 Thread 0x0000029cef12a120 nmethod 1240 0x0000029c9a50b190 code [0x0000029c9a50b320, 0x0000029c9a50b5b8]
Event: 11.599 Thread 0x0000029ca8ce4010 1241 %     3       org.jetbrains.kotlin.cli.jvm.compiler.jarfs.ZipImplementationKt::parseCentralDirectory$lambda$6 @ 244 (558 bytes)

GC Heap History (4 events):
Event: 3.609 GC heap before
{Heap before GC invocations=0 (full 0):
 garbage-first heap   total 122880K, used 26624K [0x0000000089c00000, 0x0000000100000000)
  region size 1024K, 23 young (23552K), 0 survivors (0K)
 Metaspace       used 6785K, committed 6912K, reserved 1114112K
  class space    used 618K, committed 704K, reserved 1048576K
}
Event: 3.623 GC heap after
{Heap after GC invocations=1 (full 0):
 garbage-first heap   total 122880K, used 6144K [0x0000000089c00000, 0x0000000100000000)
  region size 1024K, 3 young (3072K), 3 survivors (3072K)
 Metaspace       used 6785K, committed 6912K, reserved 1114112K
  class space    used 618K, committed 704K, reserved 1048576K
}
Event: 8.975 GC heap before
{Heap before GC invocations=1 (full 0):
 garbage-first heap   total 122880K, used 36864K [0x0000000089c00000, 0x0000000100000000)
  region size 1024K, 33 young (33792K), 3 survivors (3072K)
 Metaspace       used 13718K, committed 14016K, reserved 1114112K
  class space    used 1474K, committed 1600K, reserved 1048576K
}
Event: 9.005 GC heap after
{Heap after GC invocations=2 (full 0):
 garbage-first heap   total 122880K, used 10472K [0x0000000089c00000, 0x0000000100000000)
  region size 1024K, 5 young (5120K), 5 survivors (5120K)
 Metaspace       used 13718K, committed 14016K, reserved 1114112K
  class space    used 1474K, committed 1600K, reserved 1048576K
}

Dll operation events (6 events):
Event: 0.022 Loaded shared library C:\Program Files\Microsoft\jdk-17.0.19.10-hotspot\bin\java.dll
Event: 0.052 Loaded shared library C:\Program Files\Microsoft\jdk-17.0.19.10-hotspot\bin\jsvml.dll
Event: 0.311 Loaded shared library C:\Program Files\Microsoft\jdk-17.0.19.10-hotspot\bin\net.dll
Event: 0.317 Loaded shared library C:\Program Files\Microsoft\jdk-17.0.19.10-hotspot\bin\nio.dll
Event: 0.422 Loaded shared library C:\Program Files\Microsoft\jdk-17.0.19.10-hotspot\bin\zip.dll
Event: 0.563 Loaded shared library C:\Program Files\Microsoft\jdk-17.0.19.10-hotspot\bin\jimage.dll

Deoptimization events (20 events):
Event: 9.064 Thread 0x0000029c8ad5c750 Uncommon trap: trap_request=0xffffff45 fr.pc=0x0000029c9a4f20f4 relative=0x00000000000004b4
Event: 9.064 Thread 0x0000029c8ad5c750 Uncommon trap: reason=unstable_if action=reinterpret pc=0x0000029c9a4f20f4 method=org.jetbrains.kotlin.cli.jvm.compiler.jarfs.LargeDynamicMappedBuffer.withMappedRange(JJLkotlin/jvm/functions/Function1;)Ljava/lang/Object; @ 84 c2
Event: 9.064 Thread 0x0000029c8ad5c750 DEOPT PACKING pc=0x0000029c9a4f20f4 sp=0x000000f8acefdeb0
Event: 9.064 Thread 0x0000029c8ad5c750 DEOPT UNPACKING pc=0x0000029c99d969a3 sp=0x000000f8acefde50 mode 2
Event: 9.097 Thread 0x0000029c8ad5c750 Uncommon trap: trap_request=0xffffff45 fr.pc=0x0000029c9a50188c relative=0x00000000000009ac
Event: 9.097 Thread 0x0000029c8ad5c750 Uncommon trap: reason=unstable_if action=reinterpret pc=0x0000029c9a50188c method=org.jetbrains.kotlin.cli.jvm.compiler.jarfs.FastJarVirtualFile.<init>(Lorg/jetbrains/kotlin/cli/jvm/compiler/jarfs/FastJarHandler;Ljava/lang/CharSequence;JLorg/jetbrains/kot
Event: 9.097 Thread 0x0000029c8ad5c750 DEOPT PACKING pc=0x0000029c9a50188c sp=0x000000f8acefe020
Event: 9.097 Thread 0x0000029c8ad5c750 DEOPT UNPACKING pc=0x0000029c99d969a3 sp=0x000000f8acefdff8 mode 2
Event: 11.528 Thread 0x0000029c8ad5c750 Uncommon trap: trap_request=0xffffff45 fr.pc=0x0000029c9a4f7528 relative=0x00000000000000e8
Event: 11.528 Thread 0x0000029c8ad5c750 Uncommon trap: reason=unstable_if action=reinterpret pc=0x0000029c9a4f7528 method=org.jetbrains.kotlin.com.intellij.openapi.util.text.StringUtilRt.equal(Ljava/lang/CharSequence;Ljava/lang/CharSequence;Z)Z @ 64 c2
Event: 11.528 Thread 0x0000029c8ad5c750 DEOPT PACKING pc=0x0000029c9a4f7528 sp=0x000000f8acefe090
Event: 11.528 Thread 0x0000029c8ad5c750 DEOPT UNPACKING pc=0x0000029c99d969a3 sp=0x000000f8acefdfc0 mode 2
Event: 11.596 Thread 0x0000029c8ad5c750 Uncommon trap: trap_request=0xffffff45 fr.pc=0x0000029c9a4ecbf0 relative=0x0000000000000d30
Event: 11.596 Thread 0x0000029c8ad5c750 Uncommon trap: reason=unstable_if action=reinterpret pc=0x0000029c9a4ecbf0 method=java.nio.ByteBuffer.getArray(I[BII)Ljava/nio/ByteBuffer; @ 9 c2
Event: 11.596 Thread 0x0000029c8ad5c750 DEOPT PACKING pc=0x0000029c9a4ecbf0 sp=0x000000f8acefdd70
Event: 11.596 Thread 0x0000029c8ad5c750 DEOPT UNPACKING pc=0x0000029c99d969a3 sp=0x000000f8acefdae0 mode 2
Event: 11.596 Thread 0x0000029c8ad5c750 Uncommon trap: trap_request=0xffffff45 fr.pc=0x0000029c9a4f4500 relative=0x00000000000000c0
Event: 11.596 Thread 0x0000029c8ad5c750 Uncommon trap: reason=unstable_if action=reinterpret pc=0x0000029c9a4f4500 method=org.jetbrains.kotlin.com.intellij.openapi.util.text.StringUtilRt.equal(Ljava/lang/CharSequence;Ljava/lang/CharSequence;Z)Z @ 64 c2
Event: 11.596 Thread 0x0000029c8ad5c750 DEOPT PACKING pc=0x0000029c9a4f4500 sp=0x000000f8acefe050
Event: 11.596 Thread 0x0000029c8ad5c750 DEOPT UNPACKING pc=0x0000029c99d969a3 sp=0x000000f8acefdfd8 mode 2

Classes loaded (20 events):
Event: 8.605 Loading class jdk/internal/access/foreign/UnmapperProxy
Event: 8.609 Loading class jdk/internal/access/foreign/UnmapperProxy done
Event: 8.609 Loading class sun/nio/ch/FileChannelImpl$Unmapper done
Event: 8.609 Loading class sun/nio/ch/FileChannelImpl$DefaultUnmapper done
Event: 8.609 Loading class sun/nio/ch/IOStatus
Event: 8.610 Loading class sun/nio/ch/IOStatus done
Event: 8.611 Loading class sun/nio/ch/Util
Event: 8.613 Loading class sun/nio/ch/Util done
Event: 8.613 Loading class sun/nio/ch/Util$1
Event: 8.614 Loading class sun/nio/ch/Util$1 done
Event: 8.614 Loading class sun/nio/ch/Util$4
Event: 8.615 Loading class sun/nio/ch/Util$4 done
Event: 8.615 Loading class jdk/internal/access/foreign/MemorySegmentProxy
Event: 8.616 Loading class jdk/internal/access/foreign/MemorySegmentProxy done
Event: 8.662 Loading class jdk/internal/misc/ScopedMemoryAccess$Scope
Event: 8.663 Loading class jdk/internal/misc/ScopedMemoryAccess$Scope done
Event: 9.022 Loading class java/util/concurrent/TimeoutException
Event: 9.022 Loading class java/util/concurrent/TimeoutException done
Event: 9.022 Loading class java/util/concurrent/BlockingQueue
Event: 9.027 Loading class java/util/concurrent/BlockingQueue done

Classes unloaded (0 events):
No events

Classes redefined (0 events):
No events

Internal exceptions (20 events):
Event: 4.610 Thread 0x0000029c8ad5c750 Exception <a 'java/lang/NoSuchMethodError'{0x0000000090ff2da0}: 'void java.lang.invoke.DelegatingMethodHandle$Holder.reinvoke_L(java.lang.Object, java.lang.Object, java.lang.Object, long, java.lang.Object, long, long)'> (0x0000000090ff2da0) 
thrown [s\src\hotspot\share\interpreter\linkResolver.cpp, line 759]
Event: 4.613 Thread 0x0000029c8ad5c750 Exception <a 'java/lang/NoSuchMethodError'{0x0000000090ffa040}: 'long java.lang.invoke.Invokers$Holder.invokeExact_MT(java.lang.Object, java.lang.Object, java.lang.Object)'> (0x0000000090ffa040) 
thrown [s\src\hotspot\share\interpreter\linkResolver.cpp, line 759]
Event: 4.615 Thread 0x0000029c8ad5c750 Exception <a 'java/lang/NoSuchMethodError'{0x0000000090ffe540}: 'int java.lang.invoke.Invokers$Holder.invokeExact_MT(java.lang.Object, java.lang.Object, java.lang.Object)'> (0x0000000090ffe540) 
thrown [s\src\hotspot\share\interpreter\linkResolver.cpp, line 759]
Event: 4.892 Thread 0x0000029c8ad5c750 Exception <a 'java/lang/NoSuchMethodError'{0x0000000090d7fae0}: 'int java.lang.invoke.DirectMethodHandle$Holder.invokeStaticInit(java.lang.Object, java.lang.Object, java.lang.Object)'> (0x0000000090d7fae0) 
thrown [s\src\hotspot\share\interpreter\linkResolver.cpp, line 759]
Event: 4.951 Thread 0x0000029c8ad5c750 Exception <a 'java/lang/NoSuchMethodError'{0x0000000090db0128}: 'int java.lang.invoke.DirectMethodHandle$Holder.invokeStaticInit(java.lang.Object, java.lang.Object)'> (0x0000000090db0128) 
thrown [s\src\hotspot\share\interpreter\linkResolver.cpp, line 759]
Event: 5.216 Thread 0x0000029c8ad5c750 Exception <a 'java/lang/NoSuchMethodError'{0x0000000090c74928}: 'int java.lang.invoke.DirectMethodHandle$Holder.invokeStatic(java.lang.Object)'> (0x0000000090c74928) 
thrown [s\src\hotspot\share\interpreter\linkResolver.cpp, line 759]
Event: 5.218 Thread 0x0000029c8ad5c750 Exception <a 'java/lang/NoSuchMethodError'{0x0000000090c77fd0}: 'int java.lang.invoke.DirectMethodHandle$Holder.invokeStaticInit(java.lang.Object)'> (0x0000000090c77fd0) 
thrown [s\src\hotspot\share\interpreter\linkResolver.cpp, line 759]
Event: 5.314 Thread 0x0000029c8ad5c750 Exception <a 'java/lang/NoSuchMethodError'{0x0000000090ca2a08}: 'java.lang.Object java.lang.invoke.DirectMethodHandle$Holder.invokeStatic(java.lang.Object, java.lang.Object, int, java.lang.Object, int)'> (0x0000000090ca2a08) 
thrown [s\src\hotspot\share\interpreter\linkResolver.cpp, line 759]
Event: 5.317 Thread 0x0000029c8ad5c750 Exception <a 'java/lang/NoSuchMethodError'{0x0000000090ca9d38}: 'java.lang.Object java.lang.invoke.DirectMethodHandle$Holder.newInvokeSpecial(java.lang.Object, java.lang.Object, int)'> (0x0000000090ca9d38) 
thrown [s\src\hotspot\share\interpreter\linkResolver.cpp, line 759]
Event: 5.386 Thread 0x0000029c8ad5c750 Exception <a 'java/lang/NoSuchMethodError'{0x0000000090cdb898}: 'void java.lang.invoke.DirectMethodHandle$Holder.invokeSpecial(java.lang.Object, java.lang.Object, java.lang.Object)'> (0x0000000090cdb898) 
thrown [s\src\hotspot\share\interpreter\linkResolver.cpp, line 759]
Event: 6.952 Thread 0x0000029c8ad5c750 Exception <a 'java/lang/NoSuchMethodError'{0x00000000905683a8}: 'java.lang.Object java.lang.invoke.DirectMethodHandle$Holder.invokeInterface(java.lang.Object, java.lang.Object)'> (0x00000000905683a8) 
thrown [s\src\hotspot\share\interpreter\linkResolver.cpp, line 759]
Event: 7.464 Thread 0x0000029c8ad5c750 Exception <a 'java/lang/NoSuchMethodError'{0x000000009023d0d0}: 'void java.lang.invoke.DirectMethodHandle$Holder.invokeStaticInit(java.lang.Object, java.lang.Object)'> (0x000000009023d0d0) 
thrown [s\src\hotspot\share\interpreter\linkResolver.cpp, line 759]
Event: 7.688 Thread 0x0000029c8ad5c750 Exception <a 'java/lang/NoSuchMethodError'{0x0000000090035a78}: 'int java.lang.invoke.DirectMethodHandle$Holder.invokeVirtual(java.lang.Object, java.lang.Object, java.lang.Object)'> (0x0000000090035a78) 
thrown [s\src\hotspot\share\interpreter\linkResolver.cpp, line 759]
Event: 8.432 Thread 0x0000029c8ad5c750 Exception <a 'java/lang/NoSuchMethodError'{0x000000008fd757c0}: 'void java.lang.invoke.DirectMethodHandle$Holder.invokeVirtual(java.lang.Object, java.lang.Object)'> (0x000000008fd757c0) 
thrown [s\src\hotspot\share\interpreter\linkResolver.cpp, line 759]
Event: 8.540 Thread 0x0000029c8ad5c750 Exception <a 'java/lang/NoSuchMethodError'{0x000000008fdfe6e8}: 'java.lang.Object java.lang.invoke.DirectMethodHandle$Holder.invokeStatic(java.lang.Object, java.lang.Object, long, long)'> (0x000000008fdfe6e8) 
thrown [s\src\hotspot\share\interpreter\linkResolver.cpp, line 759]
Event: 8.599 Thread 0x0000029c8ad5c750 Exception <a 'java/lang/NoSuchMethodError'{0x000000008f924468}: 'java.lang.Object java.lang.invoke.Invokers$Holder.invoke_MT(java.lang.Object, java.lang.Object, java.lang.Object)'> (0x000000008f924468) 
thrown [s\src\hotspot\share\interpreter\linkResolver.cpp, line 759]
Event: 8.629 Thread 0x0000029c8ad5c750 Exception <a 'java/lang/NoSuchMethodError'{0x000000008f9357c0}: 'java.lang.Object java.lang.invoke.DirectMethodHandle$Holder.invokeStatic(java.lang.Object, java.lang.Object, java.lang.Object, long, java.lang.Object)'> (0x000000008f9357c0) 
thrown [s\src\hotspot\share\interpreter\linkResolver.cpp, line 759]
Event: 8.635 Thread 0x0000029c8ad5c750 Exception <a 'java/lang/NoSuchMethodError'{0x000000008f93d838}: 'java.lang.Object java.lang.invoke.DirectMethodHandle$Holder.newInvokeSpecial(java.lang.Object, java.lang.Object, java.lang.Object, long)'> (0x000000008f93d838) 
thrown [s\src\hotspot\share\interpreter\linkResolver.cpp, line 759]
Event: 9.064 Thread 0x0000029c8ad5c750 Implicit null exception at 0x0000029c9a4f1d38 to 0x0000029c9a4f20cc
Event: 9.097 Thread 0x0000029c8ad5c750 Implicit null exception at 0x0000029c9a5011fc to 0x0000029c9a501878

VM Operations (20 events):
Event: 2.229 Executing VM operation: HandshakeAllThreads done
Event: 3.237 Executing VM operation: Cleanup
Event: 3.237 Executing VM operation: Cleanup done
Event: 3.608 Executing VM operation: G1CollectForAllocation
Event: 3.623 Executing VM operation: G1CollectForAllocation done
Event: 4.635 Executing VM operation: Cleanup
Event: 4.635 Executing VM operation: Cleanup done
Event: 5.643 Executing VM operation: Cleanup
Event: 5.643 Executing VM operation: Cleanup done
Event: 6.653 Executing VM operation: Cleanup
Event: 6.654 Executing VM operation: Cleanup done
Event: 7.660 Executing VM operation: Cleanup
Event: 7.661 Executing VM operation: Cleanup done
Event: 8.668 Executing VM operation: Cleanup
Event: 8.668 Executing VM operation: Cleanup done
Event: 8.975 Executing VM operation: G1CollectForAllocation
Event: 9.005 Executing VM operation: G1CollectForAllocation done
Event: 10.014 Executing VM operation: Cleanup
Event: 11.342 Executing VM operation: Cleanup done
Event: 12.347 Executing VM operation: Cleanup

Memory protections (0 events):
No events

Nmethod flushes (0 events):
No events

Events (20 events):
Event: 0.109 Thread 0x0000029c8ad5c750 Thread added: 0x0000029ca8cd2af0
Event: 0.109 Thread 0x0000029c8ad5c750 Thread added: 0x0000029ca8cd36f0
Event: 0.109 Thread 0x0000029c8ad5c750 Thread added: 0x0000029ca8ce4010
Event: 0.110 Thread 0x0000029c8ad5c750 Thread added: 0x0000029ca8cf1e40
Event: 0.294 Thread 0x0000029ca8ce4010 Thread added: 0x0000029ca98ced10
Event: 0.294 Thread 0x0000029ca8ce4010 Thread added: 0x0000029ca98cf230
Event: 0.297 Thread 0x0000029c8ad5c750 Thread added: 0x0000029ca98ddba0
Event: 0.303 Thread 0x0000029c8ad5c750 Thread added: 0x0000029ca98e9d30
Event: 0.385 Thread 0x0000029ca8cd36f0 Thread added: 0x0000029ca99357f0
Event: 0.637 Thread 0x0000029ca99357f0 Thread exited: 0x0000029ca99357f0
Event: 1.275 Thread 0x0000029ca8cd36f0 Thread added: 0x0000029ca9ba5f00
Event: 1.464 Thread 0x0000029ca9ba5f00 Thread exited: 0x0000029ca9ba5f00
Event: 1.640 Thread 0x0000029ca98ced10 Thread added: 0x0000029cef00cd10
Event: 1.986 Thread 0x0000029cef00cd10 Thread exited: 0x0000029cef00cd10
Event: 2.163 Thread 0x0000029ca98ced10 Thread added: 0x0000029cef12d0f0
Event: 5.217 Thread 0x0000029cef12d0f0 Thread exited: 0x0000029cef12d0f0
Event: 6.514 Thread 0x0000029ca98cf230 Thread exited: 0x0000029ca98cf230
Event: 8.673 Thread 0x0000029ca98ced10 Thread added: 0x0000029cef12d640
Event: 8.675 Thread 0x0000029ca98ced10 Thread added: 0x0000029cef12d0f0
Event: 8.811 Thread 0x0000029ca8cd36f0 Thread added: 0x0000029cef12a120


Dynamic libraries:
0x00007ff790190000 - 0x00007ff79019e000 	C:\Program Files\Microsoft\jdk-17.0.19.10-hotspot\bin\java.exe
0x00007ffdb3180000 - 0x00007ffdb33e7000 	C:\WINDOWS\SYSTEM32\ntdll.dll
0x00007ffdb2130000 - 0x00007ffdb21f9000 	C:\WINDOWS\System32\KERNEL32.DLL
0x00007ffdb0b00000 - 0x00007ffdb0ef7000 	C:\WINDOWS\System32\KERNELBASE.dll
0x00007ffdb08f0000 - 0x00007ffdb0a3b000 	C:\WINDOWS\System32\ucrtbase.dll
0x00007ffd933a0000 - 0x00007ffd933b8000 	C:\Program Files\Microsoft\jdk-17.0.19.10-hotspot\bin\jli.dll
0x00007ffd93380000 - 0x00007ffd9339e000 	C:\Program Files\Microsoft\jdk-17.0.19.10-hotspot\bin\VCRUNTIME140.dll
0x00007ffdb1030000 - 0x00007ffdb11f6000 	C:\WINDOWS\System32\USER32.dll
0x00007ffdb0a40000 - 0x00007ffdb0a67000 	C:\WINDOWS\System32\win32u.dll
0x00007ffd9a250000 - 0x00007ffd9a4e2000 	C:\WINDOWS\WinSxS\amd64_microsoft.windows.common-controls_6595b64144ccf1df_6.0.26100.8457_none_3e0b2faee331e92d\COMCTL32.dll
0x00007ffdb12c0000 - 0x00007ffdb12eb000 	C:\WINDOWS\System32\GDI32.dll
0x00007ffdb2a20000 - 0x00007ffdb2ac9000 	C:\WINDOWS\System32\msvcrt.dll
0x00007ffdafd20000 - 0x00007ffdafe4c000 	C:\WINDOWS\System32\gdi32full.dll
0x00007ffdb06c0000 - 0x00007ffdb0763000 	C:\WINDOWS\System32\msvcp_win.dll
0x00007ffdb20e0000 - 0x00007ffdb2112000 	C:\WINDOWS\System32\IMM32.DLL
0x00007ffda17e0000 - 0x00007ffda17ec000 	C:\Program Files\Microsoft\jdk-17.0.19.10-hotspot\bin\vcruntime140_1.dll
0x00007ffd932f0000 - 0x00007ffd93379000 	C:\Program Files\Microsoft\jdk-17.0.19.10-hotspot\bin\msvcp140.dll
0x00007ffd1b100000 - 0x00007ffd1bd7b000 	C:\Program Files\Microsoft\jdk-17.0.19.10-hotspot\bin\server\jvm.dll
0x00007ffdb1200000 - 0x00007ffdb12b6000 	C:\WINDOWS\System32\ADVAPI32.dll
0x00007ffdb2db0000 - 0x00007ffdb2e57000 	C:\WINDOWS\System32\sechost.dll
0x00007ffdb1f10000 - 0x00007ffdb2028000 	C:\WINDOWS\System32\RPCRT4.dll
0x00007ffdb1c60000 - 0x00007ffdb1ce0000 	C:\WINDOWS\System32\WS2_32.dll
0x00007ffdaf860000 - 0x00007ffdaf8be000 	C:\WINDOWS\SYSTEM32\POWRPROF.dll
0x00007ffda74c0000 - 0x00007ffda74f6000 	C:\WINDOWS\SYSTEM32\WINMM.dll
0x00007ffda7500000 - 0x00007ffda750b000 	C:\WINDOWS\SYSTEM32\VERSION.dll
0x00007ffdaf840000 - 0x00007ffdaf854000 	C:\WINDOWS\SYSTEM32\UMPDC.dll
0x00007ffdae940000 - 0x00007ffdae95b000 	C:\WINDOWS\SYSTEM32\kernel.appcore.dll
0x00007ffd95470000 - 0x00007ffd9547a000 	C:\Program Files\Microsoft\jdk-17.0.19.10-hotspot\bin\jimage.dll
0x00007ffdad9e0000 - 0x00007ffdadc22000 	C:\WINDOWS\SYSTEM32\DBGHELP.DLL
0x00007ffdb2690000 - 0x00007ffdb2a13000 	C:\WINDOWS\System32\combase.dll
0x00007ffdb2ad0000 - 0x00007ffdb2ba9000 	C:\WINDOWS\System32\OLEAUT32.dll
0x00007ffda03e0000 - 0x00007ffda041b000 	C:\WINDOWS\SYSTEM32\dbgcore.DLL
0x00007ffdafbb0000 - 0x00007ffdafc58000 	C:\WINDOWS\System32\bcryptPrimitives.dll
0x00007ffd932c0000 - 0x00007ffd932e6000 	C:\Program Files\Microsoft\jdk-17.0.19.10-hotspot\bin\java.dll
0x00007ffd4bce0000 - 0x00007ffd4bdb6000 	C:\Program Files\Microsoft\jdk-17.0.19.10-hotspot\bin\jsvml.dll
0x00007ffdb14e0000 - 0x00007ffdb1c4e000 	C:\WINDOWS\System32\SHELL32.dll
0x00007ffdafe50000 - 0x00007ffdb06bc000 	C:\WINDOWS\System32\windows.storage.dll
0x00007ffdb2cb0000 - 0x00007ffdb2da6000 	C:\WINDOWS\System32\SHCORE.dll
0x00007ffdb2bb0000 - 0x00007ffdb2c16000 	C:\WINDOWS\System32\shlwapi.dll
0x00007ffdafad0000 - 0x00007ffdafaf9000 	C:\WINDOWS\SYSTEM32\profapi.dll
0x00007ffd932a0000 - 0x00007ffd932bb000 	C:\Program Files\Microsoft\jdk-17.0.19.10-hotspot\bin\net.dll
0x00007ffda7950000 - 0x00007ffda7a79000 	C:\WINDOWS\SYSTEM32\WINHTTP.dll
0x00007ffdaeeb0000 - 0x00007ffdaef1c000 	C:\WINDOWS\system32\mswsock.dll
0x00007ffd90bc0000 - 0x00007ffd90bd6000 	C:\Program Files\Microsoft\jdk-17.0.19.10-hotspot\bin\nio.dll
0x00007ffd90ba0000 - 0x00007ffd90bb8000 	C:\Program Files\Microsoft\jdk-17.0.19.10-hotspot\bin\zip.dll

dbghelp: loaded successfully - version: 4.0.5 - missing functions: none
symbol engine: initialized successfully - sym options: 0x614 - pdb path: .;C:\Program Files\Microsoft\jdk-17.0.19.10-hotspot\bin;C:\WINDOWS\SYSTEM32;C:\WINDOWS\WinSxS\amd64_microsoft.windows.common-controls_6595b64144ccf1df_6.0.26100.8457_none_3e0b2faee331e92d;C:\Program Files\Microsoft\jdk-17.0.19.10-hotspot\bin\server

VM Arguments:
java_command: org.jetbrains.kotlin.cli.jvm.K2JVMCompiler @C:\Users\prade\OneDrive\Desktop\code\reactpractice\WORK\node_modules\react-native-screens\android\build\20260519_14611475118731123780.compiler.options
java_class_path (initial): C:\Users\prade\.gradle\caches\modules-2\files-2.1\org.jetbrains.kotlin\kotlin-compiler-embeddable\2.1.20\4ef56b3316798316bfac7a0ae443391c9e900ea1\kotlin-compiler-embeddable-2.1.20.jar;C:\Users\prade\.gradle\caches\modules-2\files-2.1\org.jetbrains.kotlin\kotlin-stdlib\2.1.20\aa8ca79cd50578314f6d1180c47cbe14c0fee567\kotlin-stdlib-2.1.20.jar;C:\Users\prade\.gradle\caches\modules-2\files-2.1\org.jetbrains.kotlin\kotlin-script-runtime\2.1.20\f7c623d7f7bdb01f5ccd6b437bc0a937fcd7c57e\kotlin-script-runtime-2.1.20.jar;C:\Users\prade\.gradle\caches\modules-2\files-2.1\org.jetbrains.kotlin\kotlin-reflect\1.6.10\1cbe9c92c12a94eea200d23c2bbaedaf3daf5132\kotlin-reflect-1.6.10.jar;C:\Users\prade\.gradle\caches\modules-2\files-2.1\org.jetbrains.kotlin\kotlin-daemon-embeddable\2.1.20\95670fce77befd02a70a0bc3abe8ee4533521334\kotlin-daemon-embeddable-2.1.20.jar;C:\Users\prade\.gradle\caches\modules-2\files-2.1\org.jetbrains.intellij.deps\trove4j\1.0.20200330\3afb14d5f9ceb459d724e907a21145e8ff394f02\trove4j-1.0.20200330.jar;C:\Users\prade\.gradle\caches\modules-2\files-2.1\org.jetbrains.kotlinx\kotlinx-coroutines-core-jvm\1.8.0\ac1dc37a30a93150b704022f8d895ee1bd3a36b3\kotlinx-coroutines-core-jvm-1.8.0.jar;C:\Users\prade\.gradle\caches\modules-2\files-2.1\org.jetbrains\annotations\13.0\919f0dfe192fb4e063e7dacadee7f8bb9a2672a9\annotations-13.0.jar
Launcher Type: SUN_STANDARD

[Global flags]
     intx CICompilerCount                          = 12                                        {product} {ergonomic}
     uint ConcGCThreads                            = 3                                         {product} {ergonomic}
     uint G1ConcRefinementThreads                  = 13                                        {product} {ergonomic}
   size_t G1HeapRegionSize                         = 1048576                                   {product} {ergonomic}
    uintx GCDrainStackTargetSize                   = 64                                        {product} {ergonomic}
   size_t InitialHeapSize                          = 125829120                                 {product} {ergonomic}
   size_t MarkStackSize                            = 4194304                                   {product} {ergonomic}
   size_t MaxHeapSize                              = 1983905792                                {product} {ergonomic}
   size_t MaxNewSize                               = 1190133760                                {product} {ergonomic}
   size_t MinHeapDeltaBytes                        = 1048576                                   {product} {ergonomic}
   size_t MinHeapSize                              = 8388608                                   {product} {ergonomic}
    uintx NonNMethodCodeHeapSize                   = 7602480                                {pd product} {ergonomic}
    uintx NonProfiledCodeHeapSize                  = 122027880                              {pd product} {ergonomic}
    uintx ProfiledCodeHeapSize                     = 122027880                              {pd product} {ergonomic}
    uintx ReservedCodeCacheSize                    = 251658240                              {pd product} {ergonomic}
     bool SegmentedCodeCache                       = true                                      {product} {ergonomic}
   size_t SoftMaxHeapSize                          = 1983905792                             {manageable} {ergonomic}
     bool UseCompressedClassPointers               = true                           {product lp64_product} {ergonomic}
     bool UseCompressedOops                        = true                           {product lp64_product} {ergonomic}
     bool UseG1GC                                  = true                                      {product} {ergonomic}
     bool UseLargePagesIndividualAllocation        = false                                  {pd product} {ergonomic}

Logging:
Log output configuration:
 #0: stdout all=warning uptime,level,tags
 #1: stderr all=off uptime,level,tags

Environment Variables:
JAVA_HOME=C:\Program Files\Microsoft\jdk-17.0.19.10-hotspot
PATH=C:\Program Files\Microsoft\jdk-17.0.19.10-hotspot\bin;C:\Program Files\Microsoft\jdk-21.0.10.7-hotspot\bin;C:\Program Files\Common Files\Oracle\Java\javapath;C:\Program Files\Eclipse Adoptium\jdk-25.0.2.10-hotspot\bin;C:\Python313\Scripts\;C:\Python313\;C:\WINDOWS\system32;C:\WINDOWS;C:\WINDOWS\System32\Wbem;C:\WINDOWS\System32\WindowsPowerShell\v1.0\;C:\WINDOWS\System32\OpenSSH\;C:\Program Files\Microsoft SQL Server\150\Tools\Binn\;C:\Program Files\Microsoft SQL Server\Client SDK\ODBC\170\Tools\Binn\;C:\Program Files\dotnet\;C:\ProgramData\chocolatey\bin;C:\Program Files\MySQL\MySQL Server 8.3\bin;C:\Users\prade\ai-face-recognition\bin;C:\Users\prade\ai-face-recognition\bin\;C:\Program Files (x86)\Microsoft SQL Server\160\Tools\Binn\;C:\Program Files\Microsoft SQL Server\160\Tools\Binn\;C:\Program Files\Microsoft SQL Server\160\DTS\Binn\;C:\ffmpeg\bin;C:\Program Files\Git\cmd;C:\Program Files\nodejs\;C:\Users\prade\AppData\Local\android\Sdk;C:\Users\prade\AppData\Local\android\Sdk\platform-tools;C:\Users\prade\AppData\Local\android\Sdk\build-tools;C:\Users\prade\AppData\Local\android\Sdk\platforms;C:\Users\prade\AppData\Local\android\Sdk\emulator;C:\Program Files\Microsoft\jdk-17.0.19.10-hotspot\bin;C:\Users\prade\AppData\Local\Programs\Python\Python310\Scripts\;C:\Users\prade\AppData\Local\Programs\Python\Python310\;C:\Users\prade\AppData\Local\Programs\Python\Launcher\;C:\Users\prade\AppData\Local\Microsoft\WindowsApps;C:\Users\prade\.dotnet\tools;C:\Users\prade\AppData\Local\Programs\Microsoft VS Code\bin;C:\ffmpeg\bin;D:\Antigravity\bin;C:\Users\prade\AppData\Roaming\npm;C:\Users\prade\AppData\Local\android\Sdk\platform-tools;C:\Users\prade\AppData\Local\android\Sdk;C:\Users\prade\AppData\Local\android\Sdk\emulator;C:\Users\prade\AppData\Local\android\Sdk\build-tools;C:\Users\prade\AppData\Local\android\Sdk\platforms;C:\Program Files\Microsoft\jdk-17.0.19.10-hotspot\bin;
USERNAME=prade
OS=Windows_NT
PROCESSOR_IDENTIFIER=AMD64 Family 23 Model 104 Stepping 1, AuthenticAMD
TMP=C:\Users\prade\AppData\Local\Temp
TEMP=C:\Users\prade\AppData\Local\Temp



Periodic native trim disabled


---------------  S Y S T E M  ---------------

OS:
 Windows 11 , 64 bit Build 26100 (10.0.26100.8328)
OS uptime: 0 days 6:24 hours
Hyper-V role detected

CPU: total 16 (initial active 16) (16 cores per cpu, 2 threads per core) family 23 model 104 stepping 1 microcode 0x8608103, cx8, cmov, fxsr, ht, mmx, 3dnowpref, sse, sse2, sse3, ssse3, sse4a, sse4.1, sse4.2, popcnt, lzcnt, tsc, tscinvbit, avx, avx2, aes, clmul, bmi1, bmi2, adx, sha, fma, vzeroupper, clflush, clflushopt, hv
Processor Information for the first 16 processors :
  Max Mhz: 1801, Current Mhz: 1801, Mhz Limit: 1801

Memory: 4k page, system-wide physical 7563M (739M free)
TotalPageFile size 23947M (AvailPageFile size 3M)
current process WorkingSet (physical memory assigned to process): 127M, peak: 133M
current process commit charge ("private bytes"): 259M, peak: 265M

vm_info: OpenJDK 64-Bit Server VM (17.0.19+10-LTS) for windows-amd64 JRE (17.0.19+10-LTS), built on Apr 18 2026 18:24:40 by "MicrosoftCorporation" with MS VC++ 17.14 (VS2022)

END.
